<?xml version="1.0" encoding="UTF-8"?>
<testng-results ignored="0" total="1" passed="1" failed="0" skipped="0">
  <reporter-output>
  </reporter-output>
  <suite started-at="2023-05-27T15:36:20 IST" name="Default suite" finished-at="2023-05-27T15:36:21 IST" duration-ms="164">
    <groups>
    </groups>
    <test started-at="2023-05-27T15:36:20 IST" name="Default test" finished-at="2023-05-27T15:36:21 IST" duration-ms="164">
      <class name="Reoprt.LoReport">
        <test-method signature="test1()[pri:0, instance:Reoprt.LoReport@4d02f94e]" started-at="2023-05-27T15:36:21 IST" name="test1" finished-at="2023-05-27T15:36:21 IST" duration-ms="102" status="PASS">
          <reporter-output>
          </reporter-output>
        </test-method> <!-- test1 -->
      </class> <!-- Reoprt.LoReport -->
    </test> <!-- Default test -->
  </suite> <!-- Default suite -->
</testng-results>
